INFO:  ANSI Code Page: 1252
INFO:  latexindent.exe version 3.24.2, 2024-06-15, a script to indent .tex files
       latexindent.exe lives here: B:/Programas/Programming/LaTeX/texlive/2024/bin/windows/
       Fri Apr 25 14:04:56 2025
       Filename: b:/GitHub/UFMG/Disciplinas/DCC831-TECC_Recuperacao_de_Informacao/Files/Trabalhos/PA1/deliverables/documentation/__latexindent_temp_clean-sigconf.tex
INFO:  Processing switches:
       -y|--yaml: YAML settings specified via command line
       -c|--cruft: cruft directory
INFO:  Directory for backup files and log file b:\GitHub\UFMG\Disciplinas\DCC831-TECC_Recuperacao_de_Informacao\Files\Trabalhos\PA1\deliverables\documentation\indent.log:
       b:\GitHub\UFMG\Disciplinas\DCC831-TECC_Recuperacao_de_Informacao\Files\Trabalhos\PA1\deliverables\documentation\
INFO:  YAML settings read: defaultSettings.yaml
       Reading defaultSettings.yaml from B:/Programas/Programming/LaTeX/texlive/2024/bin/windows/defaultSettings.yaml
       Reading defaultSettings.yaml (2nd attempt) from B:/Programas/Programming/LaTeX/texlive/2024/bin/windows/../../texmf-dist/scripts/latexindent/defaultSettings.yaml
       and then, if necessary, B:/Programas/Programming/LaTeX/texlive/2024/bin/windows/LatexIndent/defaultSettings.yaml
INFO:  YAML reading settings
       Home directory is C:\Users\joaov
       latexindent.pl didn't find indentconfig.yaml or .indentconfig.yaml
       see all possible locations: https://latexindentpl.readthedocs.io/en/latest/sec-appendices.html#indentconfig-options)
INFO:  YAML settings read: -y switch
       YAML setting: defaultIndent:'  '
       single-quoted string found in -y switch: '  ', substitute to   
       Updating mainSettings with defaultIndent:   
FATAL I couldn't find b:/GitHub/UFMG/Disciplinas/DCC831-TECC_Recuperacao_de_Informacao/Files/Trabalhos/PA1/deliverables/documentation/__latexindent_temp_clean-sigconf.tex, are you sure it exists?
      Exiting, no indentation done.
       --------------
INFO:  Please direct all communication/issues to:
        https://github.com/cmhughes/latexindent.pl
